# JRE version: Java(TM) SE Runtime Environment (8.0_181-b13) (build 1.8.0_181-b13)
# Java VM: Java HotSpot(TM) 64-Bit Server VM (25.181-b13 mixed mode windows-amd64 compressed oops)
Heap:
 PSYoungGen      total 76288K, used 26415K [0x000000076b500000, 0x0000000770a00000, 0x00000007c0000000)
  eden space 65536K, 40% used [0x000000076b500000,0x000000076cecbfb8,0x000000076f500000)
  from space 10752K, 0% used [0x000000076ff80000,0x000000076ff80000,0x0000000770a00000)
  to   space 10752K, 0% used [0x000000076f500000,0x000000076f500000,0x000000076ff80000)
 ParOldGen       total 73728K, used 7787K [0x00000006c1e00000, 0x00000006c6600000, 0x000000076b500000)
  object space 73728K, 10% used [0x00000006c1e00000,0x00000006c259aee8,0x00000006c6600000)
 Metaspace       used 21224K, capacity 21948K, committed 22016K, reserved 1069056K
  class space    used 2576K, capacity 2790K, committed 2816K, reserved 1048576K
GC Heap History (6 events):
Event: 4.831 GC heap before
{Heap before GC invocations=1 (full 0):
 PSYoungGen      total 76288K, used 65536K [0x000000076b500000, 0x0000000770a00000, 0x00000007c0000000)
  eden space 65536K, 100% used [0x000000076b500000,0x000000076f500000,0x000000076f500000)
  from space 10752K, 0% used [0x000000076ff80000,0x000000076ff80000,0x0000000770a00000)
  to   space 10752K, 0% used [0x000000076f500000,0x000000076f500000,0x000000076ff80000)
 ParOldGen       total 175104K, used 0K [0x00000006c1e00000, 0x00000006cc900000, 0x000000076b500000)
  object space 175104K, 0% used [0x00000006c1e00000,0x00000006c1e00000,0x00000006cc900000)
 Metaspace       used 15906K, capacity 16550K, committed 16896K, reserved 1064960K
  class space    used 2029K, capacity 2211K, committed 2304K, reserved 1048576K
Event: 4.841 GC heap after
Heap after GC invocations=1 (full 0):
 PSYoungGen      total 76288K, used 8811K [0x000000076b500000, 0x0000000770a00000, 0x00000007c0000000)
  eden space 65536K, 0% used [0x000000076b500000,0x000000076b500000,0x000000076f500000)
  from space 10752K, 81% used [0x000000076f500000,0x000000076fd9ad70,0x000000076ff80000)
  to   space 10752K, 0% used [0x000000076ff80000,0x000000076ff80000,0x0000000770a00000)
 ParOldGen       total 175104K, used 96K [0x00000006c1e00000, 0x00000006cc900000, 0x000000076b500000)
  object space 175104K, 0% used [0x00000006c1e00000,0x00000006c1e18028,0x00000006cc900000)
 Metaspace       used 15906K, capacity 16550K, committed 16896K, reserved 1064960K
  class space    used 2029K, capacity 2211K, committed 2304K, reserved 1048576K
}
Event: 12.160 GC heap before
{Heap before GC invocations=2 (full 0):
 PSYoungGen      total 76288K, used 43149K [0x000000076b500000, 0x0000000770a00000, 0x00000007c0000000)
  eden space 65536K, 52% used [0x000000076b500000,0x000000076d688960,0x000000076f500000)
  from space 10752K, 81% used [0x000000076f500000,0x000000076fd9ad70,0x000000076ff80000)
  to   space 10752K, 0% used [0x000000076ff80000,0x000000076ff80000,0x0000000770a00000)
 ParOldGen       total 175104K, used 96K [0x00000006c1e00000, 0x00000006cc900000, 0x000000076b500000)
  object space 175104K, 0% used [0x00000006c1e00000,0x00000006c1e18028,0x00000006cc900000)
 Metaspace       used 20365K, capacity 21072K, committed 21248K, reserved 1067008K
  class space    used 2494K, capacity 2696K, committed 2816K, reserved 1048576K
Event: 12.168 GC heap after
Heap after GC invocations=2 (full 0):
 PSYoungGen      total 76288K, used 8075K [0x000000076b500000, 0x0000000770a00000, 0x00000007c0000000)
  eden space 65536K, 0% used [0x000000076b500000,0x000000076b500000,0x000000076f500000)
  from space 10752K, 75% used [0x000000076ff80000,0x0000000770762c68,0x0000000770a00000)
  to   space 10752K, 0% used [0x000000076f500000,0x000000076f500000,0x000000076ff80000)
 ParOldGen       total 175104K, used 112K [0x00000006c1e00000, 0x00000006cc900000, 0x000000076b500000)
  object space 175104K, 0% used [0x00000006c1e00000,0x00000006c1e1c028,0x00000006cc900000)
 Metaspace       used 20365K, capacity 21072K, committed 21248K, reserved 1067008K
  class space    used 2494K, capacity 2696K, committed 2816K, reserved 1048576K
}
Event: 12.168 GC heap before
{Heap before GC invocations=3 (full 1):
 PSYoungGen      total 76288K, used 8075K [0x000000076b500000, 0x0000000770a00000, 0x00000007c0000000)
  eden space 65536K, 0% used [0x000000076b500000,0x000000076b500000,0x000000076f500000)
  from space 10752K, 75% used [0x000000076ff80000,0x0000000770762c68,0x0000000770a00000)
  to   space 10752K, 0% used [0x000000076f500000,0x000000076f500000,0x000000076ff80000)
 ParOldGen       total 175104K, used 112K [0x00000006c1e00000, 0x00000006cc900000, 0x000000076b500000)
  object space 175104K, 0% used [0x00000006c1e00000,0x00000006c1e1c028,0x00000006cc900000)
 Metaspace       used 20365K, capacity 21072K, committed 21248K, reserved 1067008K
  class space    used 2494K, capacity 2696K, committed 2816K, reserved 1048576K
Event: 12.196 GC heap after
Heap after GC invocations=3 (full 1):
 PSYoungGen      total 76288K, used 0K [0x000000076b500000, 0x0000000770a00000, 0x00000007c0000000)
  eden space 65536K, 0% used [0x000000076b500000,0x000000076b500000,0x000000076f500000)
  from space 10752K, 0% used [0x000000076ff80000,0x000000076ff80000,0x0000000770a00000)
  to   space 10752K, 0% used [0x000000076f500000,0x000000076f500000,0x000000076ff80000)
 ParOldGen       total 73728K, used 7787K [0x00000006c1e00000, 0x00000006c6600000, 0x000000076b500000)
  object space 73728K, 10% used [0x00000006c1e00000,0x00000006c259aee8,0x00000006c6600000)
 Metaspace       used 20358K, capacity 21056K, committed 21248K, reserved 1067008K
  class space    used 2491K, capacity 2692K, committed 2816K, reserved 1048576K
}

